.\Debug\OpenTuner.bsc
.\Debug\OpenTuner.pdb
C:\USERS\ACE VI PARIACI\DOWNLOADS\OTUNER_SOURCE_CODE_FOR_PROGRAMMERS\OTUNER\DIST\D_OTUNER_FOR_WINDOWS.EXE
C:\USERS\ACE VI PARIACI\DOWNLOADS\OTUNER_SOURCE_CODE_FOR_PROGRAMMERS\OTUNER\DIST\D_OTUNER_FOR_WINDOWS.ILK
C:\Users\Ace vi Pariaci\Downloads\oTuner_Source_Code_for_Programmers\oTuner\src\.\Debug\OpenTuner.exe.intermediate.manifest
C:\USERS\ACE VI PARIACI\DOWNLOADS\OTUNER_SOURCE_CODE_FOR_PROGRAMMERS\OTUNER\SRC\DEBUG\BSCBBLDLG.OBJ
C:\USERS\ACE VI PARIACI\DOWNLOADS\OTUNER_SOURCE_CODE_FOR_PROGRAMMERS\OTUNER\SRC\DEBUG\BSCBBLDLG.SBR
C:\Users\Ace vi Pariaci\Downloads\oTuner_Source_Code_for_Programmers\oTuner\src\Debug\BscMake.command.1.tlog
C:\Users\Ace vi Pariaci\Downloads\oTuner_Source_Code_for_Programmers\oTuner\src\Debug\bscmake.read.1.tlog
C:\Users\Ace vi Pariaci\Downloads\oTuner_Source_Code_for_Programmers\oTuner\src\Debug\bscmake.write.1.tlog
C:\USERS\ACE VI PARIACI\DOWNLOADS\OTUNER_SOURCE_CODE_FOR_PROGRAMMERS\OTUNER\SRC\DEBUG\CBSCFILEVERSION.OBJ
C:\USERS\ACE VI PARIACI\DOWNLOADS\OTUNER_SOURCE_CODE_FOR_PROGRAMMERS\OTUNER\SRC\DEBUG\CBSCFILEVERSION.SBR
C:\Users\Ace vi Pariaci\Downloads\oTuner_Source_Code_for_Programmers\oTuner\src\Debug\cl.command.1.tlog
C:\Users\Ace vi Pariaci\Downloads\oTuner_Source_Code_for_Programmers\oTuner\src\Debug\CL.read.1.tlog
C:\Users\Ace vi Pariaci\Downloads\oTuner_Source_Code_for_Programmers\oTuner\src\Debug\CL.write.1.tlog
C:\USERS\ACE VI PARIACI\DOWNLOADS\OTUNER_SOURCE_CODE_FOR_PROGRAMMERS\OTUNER\SRC\DEBUG\KISS_FFT.OBJ
C:\USERS\ACE VI PARIACI\DOWNLOADS\OTUNER_SOURCE_CODE_FOR_PROGRAMMERS\OTUNER\SRC\DEBUG\KISS_FFT.SBR
C:\USERS\ACE VI PARIACI\DOWNLOADS\OTUNER_SOURCE_CODE_FOR_PROGRAMMERS\OTUNER\SRC\DEBUG\KISS_FFTR.OBJ
C:\USERS\ACE VI PARIACI\DOWNLOADS\OTUNER_SOURCE_CODE_FOR_PROGRAMMERS\OTUNER\SRC\DEBUG\KISS_FFTR.SBR
C:\Users\Ace vi Pariaci\Downloads\oTuner_Source_Code_for_Programmers\oTuner\src\Debug\link.command.1.tlog
C:\Users\Ace vi Pariaci\Downloads\oTuner_Source_Code_for_Programmers\oTuner\src\Debug\link.read.1.tlog
C:\Users\Ace vi Pariaci\Downloads\oTuner_Source_Code_for_Programmers\oTuner\src\Debug\link.write.1.tlog
C:\Users\Ace vi Pariaci\Downloads\oTuner_Source_Code_for_Programmers\oTuner\src\Debug\link-cvtres.read.1.tlog
C:\Users\Ace vi Pariaci\Downloads\oTuner_Source_Code_for_Programmers\oTuner\src\Debug\link-cvtres.write.1.tlog
C:\Users\Ace vi Pariaci\Downloads\oTuner_Source_Code_for_Programmers\oTuner\src\Debug\mt.command.1.tlog
C:\Users\Ace vi Pariaci\Downloads\oTuner_Source_Code_for_Programmers\oTuner\src\Debug\mt.read.1.tlog
C:\Users\Ace vi Pariaci\Downloads\oTuner_Source_Code_for_Programmers\oTuner\src\Debug\mt.write.1.tlog
C:\USERS\ACE VI PARIACI\DOWNLOADS\OTUNER_SOURCE_CODE_FOR_PROGRAMMERS\OTUNER\SRC\DEBUG\OPENTUNER.BSC
C:\USERS\ACE VI PARIACI\DOWNLOADS\OTUNER_SOURCE_CODE_FOR_PROGRAMMERS\OTUNER\SRC\DEBUG\OPENTUNER.EXE.EMBED.MANIFEST
C:\USERS\ACE VI PARIACI\DOWNLOADS\OTUNER_SOURCE_CODE_FOR_PROGRAMMERS\OTUNER\SRC\DEBUG\OPENTUNER.EXE.EMBED.MANIFEST.RES
C:\USERS\ACE VI PARIACI\DOWNLOADS\OTUNER_SOURCE_CODE_FOR_PROGRAMMERS\OTUNER\SRC\DEBUG\OPENTUNER.EXE.INTERMEDIATE.MANIFEST
C:\USERS\ACE VI PARIACI\DOWNLOADS\OTUNER_SOURCE_CODE_FOR_PROGRAMMERS\OTUNER\SRC\DEBUG\OPENTUNER.OBJ
C:\USERS\ACE VI PARIACI\DOWNLOADS\OTUNER_SOURCE_CODE_FOR_PROGRAMMERS\OTUNER\SRC\DEBUG\OPENTUNER.PCH
C:\USERS\ACE VI PARIACI\DOWNLOADS\OTUNER_SOURCE_CODE_FOR_PROGRAMMERS\OTUNER\SRC\DEBUG\OPENTUNER.PDB
C:\USERS\ACE VI PARIACI\DOWNLOADS\OTUNER_SOURCE_CODE_FOR_PROGRAMMERS\OTUNER\SRC\DEBUG\OPENTUNER.RES
C:\USERS\ACE VI PARIACI\DOWNLOADS\OTUNER_SOURCE_CODE_FOR_PROGRAMMERS\OTUNER\SRC\DEBUG\OPENTUNER.SBR
C:\Users\Ace vi Pariaci\Downloads\oTuner_Source_Code_for_Programmers\oTuner\src\Debug\OpenTuner_manifest.rc
C:\USERS\ACE VI PARIACI\DOWNLOADS\OTUNER_SOURCE_CODE_FOR_PROGRAMMERS\OTUNER\SRC\DEBUG\OPENTUNERCORE.OBJ
C:\USERS\ACE VI PARIACI\DOWNLOADS\OTUNER_SOURCE_CODE_FOR_PROGRAMMERS\OTUNER\SRC\DEBUG\OPENTUNERCORE.SBR
C:\USERS\ACE VI PARIACI\DOWNLOADS\OTUNER_SOURCE_CODE_FOR_PROGRAMMERS\OTUNER\SRC\DEBUG\OPENTUNERDLG.OBJ
C:\USERS\ACE VI PARIACI\DOWNLOADS\OTUNER_SOURCE_CODE_FOR_PROGRAMMERS\OTUNER\SRC\DEBUG\OPENTUNERDLG.SBR
C:\Users\Ace vi Pariaci\Downloads\oTuner_Source_Code_for_Programmers\oTuner\src\Debug\rc.command.1.tlog
C:\Users\Ace vi Pariaci\Downloads\oTuner_Source_Code_for_Programmers\oTuner\src\Debug\rc.read.1.tlog
C:\Users\Ace vi Pariaci\Downloads\oTuner_Source_Code_for_Programmers\oTuner\src\Debug\rc.write.1.tlog
C:\USERS\ACE VI PARIACI\DOWNLOADS\OTUNER_SOURCE_CODE_FOR_PROGRAMMERS\OTUNER\SRC\DEBUG\STDAFX.OBJ
C:\USERS\ACE VI PARIACI\DOWNLOADS\OTUNER_SOURCE_CODE_FOR_PROGRAMMERS\OTUNER\SRC\DEBUG\STDAFX.SBR
C:\USERS\ACE VI PARIACI\DOWNLOADS\OTUNER_SOURCE_CODE_FOR_PROGRAMMERS\OTUNER\SRC\DEBUG\TARTINI_CORE.OBJ
C:\USERS\ACE VI PARIACI\DOWNLOADS\OTUNER_SOURCE_CODE_FOR_PROGRAMMERS\OTUNER\SRC\DEBUG\TARTINI_CORE.SBR
C:\Users\Ace vi Pariaci\Downloads\oTuner_Source_Code_for_Programmers\oTuner\src\Debug\vc100.idb
C:\USERS\ACE VI PARIACI\DOWNLOADS\OTUNER_SOURCE_CODE_FOR_PROGRAMMERS\OTUNER\SRC\DEBUG\VC100.PDB
C:\USERS\ACE VI PARIACI\DOWNLOADS\OTUNER_SOURCE_CODE_FOR_PROGRAMMERS\OTUNER\SRC\DEBUG\WAVEFILE.OBJ
C:\USERS\ACE VI PARIACI\DOWNLOADS\OTUNER_SOURCE_CODE_FOR_PROGRAMMERS\OTUNER\SRC\DEBUG\WAVEFILE.SBR
